LaundryApps/app/build/intermediates/manifest_merge_blame_file/debug/processDebugMainManifest/manifest-merger-blame-debug-report.txt
1<?xml version="1.0" encoding="utf-8"?>
2<manifest xmlns:android="http://schemas.android.com/apk/res/android"
3    package="id.my.hafiz.laundryapps"
4    android:versionCode="1"
5    android:versionName="1.0" >
6
7    <uses-sdk
8        android:minSdkVersion="24"
9        android:targetSdkVersion="34" />
10
11    <uses-permission android:name="android.permission.READ_EXTERNAL_STORAGE" />
11-->src\main\AndroidManifest.xml:5:5-80
11-->src\main\AndroidManifest.xml:5:22-77
12
13    <permission
13-->[androidx.core:core:1.13.0] AndroidManifest.xml:22:5-24:47
14        android:name="id.my.hafiz.laundryapps.DYNAMIC_RECEIVER_NOT_EXPORTED_PERMISSION"
14-->[androidx.core:core:1.13.0] AndroidManifest.xml:23:9-81
15        android:protectionLevel="signature" />
15-->[androidx.core:core:1.13.0] AndroidManifest.xml:24:9-44
16
17    <uses-permission android:name="id.my.hafiz.laundryapps.DYNAMIC_RECEIVER_NOT_EXPORTED_PERMISSION" />
17-->[androidx.core:core:1.13.0] AndroidManifest.xml:26:5-97
17-->[androidx.core:core:1.13.0] AndroidManifest.xml:26:22-94
18
19    <application
19-->src\main\AndroidManifest.xml:7:5-62:19
20        android:allowBackup="true"
20-->src\main\AndroidManifest.xml:8:9-35
21        android:appComponentFactory="androidx.core.app.CoreComponentFactory"
21-->[androidx.core:core:1.13.0] AndroidManifest.xml:28:18-86
22        android:dataExtractionRules="@xml/data_extraction_rules"
22-->src\main\AndroidManifest.xml:9:9-65
23        android:debuggable="true"
24        android:extractNativeLibs="false"
25        android:fullBackupContent="@xml/backup_rules"
25-->src\main\AndroidManifest.xml:10:9-54
26        android:icon="@mipmap/ic_launcher"
26-->src\main\AndroidManifest.xml:11:9-43
27        android:label="@string/app_name"
27-->src\main\AndroidManifest.xml:12:9-41
28        android:roundIcon="@mipmap/ic_launcher_round"
28-->src\main\AndroidManifest.xml:13:9-54
29        android:supportsRtl="true"
29-->src\main\AndroidManifest.xml:14:9-35
30        android:testOnly="true"
31        android:theme="@style/Theme.LaundryApps" >
31-->src\main\AndroidManifest.xml:15:9-49
32        <activity
32-->src\main\AndroidManifest.xml:17:9-19:40
33            android:name="id.my.hafiz.laundryapps.layanan.LayananAddActivity"
33-->src\main\AndroidManifest.xml:18:13-55
34            android:exported="false" />
34-->src\main\AndroidManifest.xml:19:13-37
35        <activity
35-->src\main\AndroidManifest.xml:20:9-22:40
36            android:name="id.my.hafiz.laundryapps.layanan.AddLayananActivity"
36-->src\main\AndroidManifest.xml:21:13-55
37            android:exported="false" />
37-->src\main\AndroidManifest.xml:22:13-37
38        <activity
38-->src\main\AndroidManifest.xml:23:9-25:40
39            android:name="id.my.hafiz.laundryapps.pelanggan.PelangganAddActivity"
39-->src\main\AndroidManifest.xml:24:13-59
40            android:exported="false" />
40-->src\main\AndroidManifest.xml:25:13-37
41        <activity
41-->src\main\AndroidManifest.xml:26:9-28:40
42            android:name="id.my.hafiz.laundryapps.PromoActivity"
42-->src\main\AndroidManifest.xml:27:13-42
43            android:exported="false" />
43-->src\main\AndroidManifest.xml:28:13-37
44        <activity
44-->src\main\AndroidManifest.xml:29:9-31:40
45            android:name="id.my.hafiz.laundryapps.pelanggan.PelangganActivity"
45-->src\main\AndroidManifest.xml:30:13-56
46            android:exported="false" />
46-->src\main\AndroidManifest.xml:31:13-37
47        <activity
47-->src\main\AndroidManifest.xml:32:9-34:40
48            android:name="id.my.hafiz.laundryapps.layanan.LayananActivity"
48-->src\main\AndroidManifest.xml:33:13-52
49            android:exported="false" />
49-->src\main\AndroidManifest.xml:34:13-37
50        <activity
50-->src\main\AndroidManifest.xml:35:9-37:40
51            android:name="id.my.hafiz.laundryapps.AddLaundryActivity"
51-->src\main\AndroidManifest.xml:36:13-47
52            android:exported="false" />
52-->src\main\AndroidManifest.xml:37:13-37
53        <activity
53-->src\main\AndroidManifest.xml:38:9-40:40
54            android:name="id.my.hafiz.laundryapps.DetailLaundryActivity"
54-->src\main\AndroidManifest.xml:39:13-50
55            android:exported="false" />
55-->src\main\AndroidManifest.xml:40:13-37
56        <activity
56-->src\main\AndroidManifest.xml:41:9-43:40
57            android:name="id.my.hafiz.laundryapps.LaundryActivity"
57-->src\main\AndroidManifest.xml:42:13-44
58            android:exported="false" />
58-->src\main\AndroidManifest.xml:43:13-37
59        <activity
59-->src\main\AndroidManifest.xml:44:9-52:20
60            android:name="id.my.hafiz.laundryapps.LoginActivity"
60-->src\main\AndroidManifest.xml:45:13-42
61            android:exported="true" >
61-->src\main\AndroidManifest.xml:46:13-36
62            <intent-filter>
62-->src\main\AndroidManifest.xml:47:13-51:29
63                <action android:name="android.intent.action.MAIN" />
63-->src\main\AndroidManifest.xml:48:17-69
63-->src\main\AndroidManifest.xml:48:25-66
64
65                <category android:name="android.intent.category.LAUNCHER" />
65-->src\main\AndroidManifest.xml:50:17-77
65-->src\main\AndroidManifest.xml:50:27-74
66            </intent-filter>
67        </activity>
68        <activity
68-->src\main\AndroidManifest.xml:53:9-61:20
69            android:name="id.my.hafiz.laundryapps.MainActivity"
69-->src\main\AndroidManifest.xml:54:13-41
70            android:exported="true" >
70-->src\main\AndroidManifest.xml:55:13-36
71            <intent-filter>
71-->src\main\AndroidManifest.xml:47:13-51:29
72                <action android:name="android.intent.action.MAIN" />
72-->src\main\AndroidManifest.xml:48:17-69
72-->src\main\AndroidManifest.xml:48:25-66
73
74                <category android:name="android.intent.category.LAUNCHER" />
74-->src\main\AndroidManifest.xml:50:17-77
74-->src\main\AndroidManifest.xml:50:27-74
75            </intent-filter>
76        </activity>
77
78        <provider
78-->[androidx.emoji2:emoji2:1.2.0] AndroidManifest.xml:24:9-32:20
79            android:name="androidx.startup.InitializationProvider"
79-->[androidx.emoji2:emoji2:1.2.0] AndroidManifest.xml:25:13-67
80            android:authorities="id.my.hafiz.laundryapps.androidx-startup"
80-->[androidx.emoji2:emoji2:1.2.0] AndroidManifest.xml:26:13-68
81            android:exported="false" >
81-->[androidx.emoji2:emoji2:1.2.0] AndroidManifest.xml:27:13-37
82            <meta-data
82-->[androidx.emoji2:emoji2:1.2.0] AndroidManifest.xml:29:13-31:52
83                android:name="androidx.emoji2.text.EmojiCompatInitializer"
83-->[androidx.emoji2:emoji2:1.2.0] AndroidManifest.xml:30:17-75
84                android:value="androidx.startup" />
84-->[androidx.emoji2:emoji2:1.2.0] AndroidManifest.xml:31:17-49
85            <meta-data
85-->[androidx.lifecycle:lifecycle-process:2.6.2] AndroidManifest.xml:29:13-31:52
86                android:name="androidx.lifecycle.ProcessLifecycleInitializer"
86-->[androidx.lifecycle:lifecycle-process:2.6.2] AndroidManifest.xml:30:17-78
87                android:value="androidx.startup" />
87-->[androidx.lifecycle:lifecycle-process:2.6.2] AndroidManifest.xml:31:17-49
88            <meta-data
88-->[androidx.profileinstaller:profileinstaller:1.3.1] AndroidManifest.xml:29:13-31:52
89                android:name="androidx.profileinstaller.ProfileInstallerInitializer"
89-->[androidx.profileinstaller:profileinstaller:1.3.1] AndroidManifest.xml:30:17-85
90                android:value="androidx.startup" />
90-->[androidx.profileinstaller:profileinstaller:1.3.1] AndroidManifest.xml:31:17-49
91        </provider>
92
93        <receiver
93-->[androidx.profileinstaller:profileinstaller:1.3.1] AndroidManifest.xml:34:9-52:20
94            android:name="androidx.profileinstaller.ProfileInstallReceiver"
94-->[androidx.profileinstaller:profileinstaller:1.3.1] AndroidManifest.xml:35:13-76
95            android:directBootAware="false"
95-->[androidx.profileinstaller:profileinstaller:1.3.1] AndroidManifest.xml:36:13-44
96            android:enabled="true"
96-->[androidx.profileinstaller:profileinstaller:1.3.1] AndroidManifest.xml:37:13-35
97            android:exported="true"
97-->[androidx.profileinstaller:profileinstaller:1.3.1] AndroidManifest.xml:38:13-36
98            android:permission="android.permission.DUMP" >
98-->[androidx.profileinstaller:profileinstaller:1.3.1] AndroidManifest.xml:39:13-57
99            <intent-filter>
99-->[androidx.profileinstaller:profileinstaller:1.3.1] AndroidManifest.xml:40:13-42:29
100                <action android:name="androidx.profileinstaller.action.INSTALL_PROFILE" />
100-->[androidx.profileinstaller:profileinstaller:1.3.1] AndroidManifest.xml:41:17-91
100-->[androidx.profileinstaller:profileinstaller:1.3.1] AndroidManifest.xml:41:25-88
101            </intent-filter>
102            <intent-filter>
102-->[androidx.profileinstaller:profileinstaller:1.3.1] AndroidManifest.xml:43:13-45:29
103                <action android:name="androidx.profileinstaller.action.SKIP_FILE" />
103-->[androidx.profileinstaller:profileinstaller:1.3.1] AndroidManifest.xml:44:17-85
103-->[androidx.profileinstaller:profileinstaller:1.3.1] AndroidManifest.xml:44:25-82
104            </intent-filter>
105            <intent-filter>
105-->[androidx.profileinstaller:profileinstaller:1.3.1] AndroidManifest.xml:46:13-48:29
106                <action android:name="androidx.profileinstaller.action.SAVE_PROFILE" />
106-->[androidx.profileinstaller:profileinstaller:1.3.1] AndroidManifest.xml:47:17-88
106-->[androidx.profileinstaller:profileinstaller:1.3.1] AndroidManifest.xml:47:25-85
107            </intent-filter>
108            <intent-filter>
108-->[androidx.profileinstaller:profileinstaller:1.3.1] AndroidManifest.xml:49:13-51:29
109                <action android:name="androidx.profileinstaller.action.BENCHMARK_OPERATION" />
109-->[androidx.profileinstaller:profileinstaller:1.3.1] AndroidManifest.xml:50:17-95
109-->[androidx.profileinstaller:profileinstaller:1.3.1] AndroidManifest.xml:50:25-92
110            </intent-filter>
111        </receiver>
112    </application>
113
114</manifest>